#
# A fatal error has been detected by the Java Runtime Environment:
#
#  Internal Error (javaCalls.cpp:51), pid=12984, tid=0x00000000000065e0
#  guarantee(thread->is_Java_thread()) failed: crucial check - the VM thread cannot and must not escape to Java code
#
# JRE version: Java(TM) SE Runtime Environment (8.0_281-b09) (build 1.8.0_281-b09)
# Java VM: Java HotSpot(TM) 64-Bit Server VM (25.281-b09 mixed mode windows-amd64 compressed oops)
# Failed to write core dump. Minidumps are not enabled by default on client versions of Windows
#
# If you would like to submit a bug report, please visit:
#   http://bugreport.java.com/bugreport/crash.jsp
#

---------------  T H R E A D  ---------------

Current thread (0x00000209db234000):  VMThread [stack: 0x0000005a9be00000,0x0000005a9bf00000] [id=26080]

Stack: [0x0000005a9be00000,0x0000005a9bf00000]
Native frames: (J=compiled Java code, j=interpreted, Vv=VM code, C=native code)
V  [jvm.dll+0x32e5b9]
V  [jvm.dll+0x275012]
V  [jvm.dll+0x275cbd]
V  [jvm.dll+0x26c677]
V  [jvm.dll+0x20a8ed]
V  [jvm.dll+0x20af37]
V  [jvm.dll+0x32e4d2]
V  [jvm.dll+0x20b561]
V  [jvm.dll+0x26d8c5]
V  [jvm.dll+0x26db0d]
V  [jvm.dll+0x26dc59]
V  [jvm.dll+0x10ad98]
V  [jvm.dll+0x107a9a]
V  [jvm.dll+0x10902e]
V  [jvm.dll+0x10669a]
V  [jvm.dll+0x10582a]
V  [jvm.dll+0xcd14b]
V  [jvm.dll+0xcdbe3]
V  [jvm.dll+0x112634]
V  [jvm.dll+0x135930]
V  [jvm.dll+0x1b8ce1]
V  [jvm.dll+0x245447]
V  [jvm.dll+0x243bb5]
V  [jvm.dll+0x24432c]
V  [jvm.dll+0x24463c]
V  [jvm.dll+0x291cbc]
C  [ucrtbase.dll+0x21bb2]
C  [KERNEL32.DLL+0x17034]
C  [ntdll.dll+0x52651]

VM_Operation (0x0000005a9c3ff850): GetOrSetLocal, mode: safepoint, requested by thread 0x00000209db29e000


---------------  P R O C E S S  ---------------

Java Threads: ( => current thread )
  0x00000209dc1f4800 JavaThread "Service Thread" daemon [_thread_blocked, id=19912, stack(0x0000005a9c900000,0x0000005a9ca00000)]
  0x00000209dc2ae000 JavaThread "C1 CompilerThread2" daemon [_thread_blocked, id=14976, stack(0x0000005a9c800000,0x0000005a9c900000)]
  0x00000209db314800 JavaThread "C2 CompilerThread1" daemon [_thread_blocked, id=352, stack(0x0000005a9c700000,0x0000005a9c800000)]
  0x00000209dc2a4800 JavaThread "C2 CompilerThread0" daemon [_thread_blocked, id=26756, stack(0x0000005a9c600000,0x0000005a9c700000)]
  0x00000209db2b0000 JavaThread "JDWP Command Reader" daemon [_thread_in_native, id=15100, stack(0x0000005a9c500000,0x0000005a9c600000)]
  0x00000209db2a3800 JavaThread "JDWP Event Helper Thread" daemon [_thread_blocked, id=18044, stack(0x0000005a9c400000,0x0000005a9c500000)]
  0x00000209db29e000 JavaThread "JDWP Transport Listener: dt_socket" daemon [_thread_blocked, id=20676, stack(0x0000005a9c300000,0x0000005a9c400000)]
  0x00000209db281000 JavaThread "Attach Listener" daemon [_thread_blocked, id=23676, stack(0x0000005a9c200000,0x0000005a9c300000)]
  0x00000209db27f800 JavaThread "Signal Dispatcher" daemon [_thread_blocked, id=26276, stack(0x0000005a9c100000,0x0000005a9c200000)]
  0x00000209db25d000 JavaThread "Finalizer" daemon [_thread_blocked, id=17612, stack(0x0000005a9c000000,0x0000005a9c100000)]
  0x00000209db256000 JavaThread "Reference Handler" daemon [_thread_blocked, id=26556, stack(0x0000005a9bf00000,0x0000005a9c000000)]
  0x00000209c259a000 JavaThread "main" [_thread_blocked, id=6336, stack(0x0000005a9b900000,0x0000005a9ba00000)]

Other Threads:
=>0x00000209db234000 VMThread [stack: 0x0000005a9be00000,0x0000005a9bf00000] [id=26080]
  0x00000209dc272000 WatcherThread [stack: 0x0000005a9ca00000,0x0000005a9cb00000] [id=18632]

VM state:at safepoint (normal execution)

VM Mutex/Monitor currently owned by a thread:  ([mutex/lock_event])
[0x00000209c2597880] Threads_lock - owner thread: 0x00000209db234000

heap address: 0x0000000701c00000, size: 3044 MB, Compressed Oops mode: Zero based, Oop shift amount: 3
Narrow klass base: 0x0000000000000000, Narrow klass shift: 3
Compressed class space size: 1073741824 Address: 0x00000007c0000000

Heap:
 PSYoungGen      total 57344K, used 20188K [0x0000000780980000, 0x0000000784980000, 0x00000007c0000000)
  eden space 49152K, 35% used [0x0000000780980000,0x0000000781a57e78,0x0000000783980000)
  from space 8192K, 35% used [0x0000000783980000,0x0000000783c5f220,0x0000000784180000)
  to   space 8192K, 0% used [0x0000000784180000,0x0000000784180000,0x0000000784980000)
 ParOldGen       total 131072K, used 8K [0x0000000701c00000, 0x0000000709c00000, 0x0000000780980000)
  object space 131072K, 0% used [0x0000000701c00000,0x0000000701c02000,0x0000000709c00000)
 Metaspace       used 9319K, capacity 9506K, committed 9600K, reserved 1058816K
  class space    used 1031K, capacity 1117K, committed 1152K, reserved 1048576K

Card table byte_map: [0x00000209d3310000,0x00000209d3910000] byte_map_base: 0x00000209cfb02000

Marking Bits: (ParMarkBitMap*) 0x0000000061226ff0
 Begin Bits: [0x00000209d3d10000, 0x00000209d6ca0000)
 End Bits:   [0x00000209d6ca0000, 0x00000209d9c30000)

Polling page: 0x00000209c2730000

CodeCache: size=245760Kb used=4955Kb max_used=5046Kb free=240804Kb
 bounds [0x00000209c3f50000, 0x00000209c4450000, 0x00000209d2f50000]
 total_blobs=1366 nmethods=1049 adapters=237
 compilation: enabled

Compilation events (10 events):
Event: 3.817 Thread 0x00000209db314800 nmethod 1045 0x00000209c43977d0 code [0x00000209c4397920, 0x00000209c4397ab8]
Event: 4.575 Thread 0x00000209dc2a4800 nmethod 1022% 0x00000209c43f4e90 code [0x00000209c43f5960, 0x00000209c440b828]
Event: 67.994 Thread 0x00000209db314800 1046       4       org.eclipse.jdt.launching.internal.org.objectweb.asm.MethodWriter::visitLineNumber (50 bytes)
Event: 68.017 Thread 0x00000209db314800 nmethod 1046 0x00000209c437e290 code [0x00000209c437e420, 0x00000209c437eaf8]
Event: 176.152 Thread 0x00000209dc2a4800 1047       4       org.eclipse.jdt.launching.internal.org.objectweb.asm.MethodWriter::visitMethodInsn (191 bytes)
Event: 176.152 Thread 0x00000209db314800 1048       4       org.eclipse.jdt.launching.internal.org.objectweb.asm.MethodWriter::visitInsn (115 bytes)
Event: 176.155 Thread 0x00000209db314800 nmethod 1048 0x00000209c437dd10 code [0x00000209c437de60, 0x00000209c437e068]
Event: 176.193 Thread 0x00000209dc2a4800 nmethod 1047 0x00000209c4377b10 code [0x00000209c4377d00, 0x00000209c4379550]
Event: 216.499 Thread 0x00000209db314800 1049 %     4       org.eclipse.jdt.launching.internal.org.objectweb.asm.ClassReader::readCode @ 71 (5071 bytes)
Event: 217.559 Thread 0x00000209db314800 nmethod 1049% 0x00000209c441cf10 code [0x00000209c441dde0, 0x00000209c44331d0]

GC Heap History (2 events):
Event: 1.211 GC heap before
{Heap before GC invocations=1 (full 0):
 PSYoungGen      total 57344K, used 49152K [0x0000000780980000, 0x0000000784980000, 0x00000007c0000000)
  eden space 49152K, 100% used [0x0000000780980000,0x0000000783980000,0x0000000783980000)
  from space 8192K, 0% used [0x0000000784180000,0x0000000784180000,0x0000000784980000)
  to   space 8192K, 0% used [0x0000000783980000,0x0000000783980000,0x0000000784180000)
 ParOldGen       total 131072K, used 0K [0x0000000701c00000, 0x0000000709c00000, 0x0000000780980000)
  object space 131072K, 0% used [0x0000000701c00000,0x0000000701c00000,0x0000000709c00000)
 Metaspace       used 7077K, capacity 7204K, committed 7296K, reserved 1056768K
  class space    used 783K, capacity 820K, committed 896K, reserved 1048576K
Event: 1.216 GC heap after
Heap after GC invocations=1 (full 0):
 PSYoungGen      total 57344K, used 2940K [0x0000000780980000, 0x0000000784980000, 0x00000007c0000000)
  eden space 49152K, 0% used [0x0000000780980000,0x0000000780980000,0x0000000783980000)
  from space 8192K, 35% used [0x0000000783980000,0x0000000783c5f220,0x0000000784180000)
  to   space 8192K, 0% used [0x0000000784180000,0x0000000784180000,0x0000000784980000)
 ParOldGen       total 131072K, used 8K [0x0000000701c00000, 0x0000000709c00000, 0x0000000780980000)
  object space 131072K, 0% used [0x0000000701c00000,0x0000000701c02000,0x0000000709c00000)
 Metaspace       used 7077K, capacity 7204K, committed 7296K, reserved 1056768K
  class space    used 783K, capacity 820K, committed 896K, reserved 1048576K
}

Deoptimization events (10 events):
Event: 1.375 Thread 0x00000209c259a000 Uncommon trap: reason=range_check action=none pc=0x00000209c418f1a4 method=sun.reflect.generics.parser.SignatureParser.current()C @ 34
Event: 1.375 Thread 0x00000209c259a000 Uncommon trap: reason=range_check action=none pc=0x00000209c418f1a4 method=sun.reflect.generics.parser.SignatureParser.current()C @ 34
Event: 1.375 Thread 0x00000209c259a000 Uncommon trap: reason=range_check action=none pc=0x00000209c418f1a4 method=sun.reflect.generics.parser.SignatureParser.current()C @ 34
Event: 1.375 Thread 0x00000209c259a000 Uncommon trap: reason=range_check action=none pc=0x00000209c418f1a4 method=sun.reflect.generics.parser.SignatureParser.current()C @ 34
Event: 1.378 Thread 0x00000209c259a000 Uncommon trap: reason=range_check action=none pc=0x00000209c418f1a4 method=sun.reflect.generics.parser.SignatureParser.current()C @ 34
Event: 1.378 Thread 0x00000209c259a000 Uncommon trap: reason=range_check action=none pc=0x00000209c418f1a4 method=sun.reflect.generics.parser.SignatureParser.current()C @ 34
Event: 1.378 Thread 0x00000209c259a000 Uncommon trap: reason=range_check action=none pc=0x00000209c418f1a4 method=sun.reflect.generics.parser.SignatureParser.current()C @ 34
Event: 1.378 Thread 0x00000209c259a000 Uncommon trap: reason=range_check action=none pc=0x00000209c418f1a4 method=sun.reflect.generics.parser.SignatureParser.current()C @ 34
Event: 1.480 Thread 0x00000209c259a000 Uncommon trap: reason=unstable_if action=reinterpret pc=0x00000209c41cbb94 method=sun.misc.MetaIndex.mayContain(Ljava/lang/String;)Z @ 38
Event: 1.480 Thread 0x00000209c259a000 Uncommon trap: reason=unstable_if action=reinterpret pc=0x00000209c41a7090 method=sun.misc.MetaIndex.mayContain(Ljava/lang/String;)Z @ 38

Classes redefined (8 events):
Event: 68.010 Thread 0x00000209db234000 redefined class name=DigestClient, count=1
Event: 122.584 Thread 0x00000209db234000 redefined class name=DigestClient, count=2
Event: 132.382 Thread 0x00000209db234000 redefined class name=DigestClient, count=3
Event: 176.168 Thread 0x00000209db234000 redefined class name=DigestClient, count=4
Event: 197.926 Thread 0x00000209db234000 redefined class name=DigestClient, count=5
Event: 216.510 Thread 0x00000209db234000 redefined class name=DigestClient, count=6
Event: 408.263 Thread 0x00000209db234000 redefined class name=DigestClient, count=7
Event: 1698.734 Thread 0x00000209db234000 redefined class name=DigestClient, count=8

Internal exceptions (10 events):
Event: 1.375 Thread 0x00000209c259a000 Exception <a 'java/lang/ArrayIndexOutOfBoundsException': 111> (0x00000007810b1238) thrown at [C:\jenkins\workspace\8-2-build-windows-amd64-cygwin\jdk8u281\880\hotspot\src\share\vm\interpreter\interpreterRuntime.cpp, line 371]
Event: 1.375 Thread 0x00000209c259a000 Exception <a 'java/lang/ArrayIndexOutOfBoundsException': 112> (0x00000007810b2ca0) thrown at [C:\jenkins\workspace\8-2-build-windows-amd64-cygwin\jdk8u281\880\hotspot\src\share\vm\interpreter\interpreterRuntime.cpp, line 371]
Event: 1.375 Thread 0x00000209c259a000 Exception <a 'java/lang/ArrayIndexOutOfBoundsException': 204> (0x00000007810b7ce0) thrown at [C:\jenkins\workspace\8-2-build-windows-amd64-cygwin\jdk8u281\880\hotspot\src\share\vm\interpreter\interpreterRuntime.cpp, line 371]
Event: 1.375 Thread 0x00000209c259a000 Exception <a 'java/lang/ArrayIndexOutOfBoundsException': 205> (0x00000007810ba890) thrown at [C:\jenkins\workspace\8-2-build-windows-amd64-cygwin\jdk8u281\880\hotspot\src\share\vm\interpreter\interpreterRuntime.cpp, line 371]
Event: 1.378 Thread 0x00000209c259a000 Exception <a 'java/lang/ArrayIndexOutOfBoundsException': 130> (0x00000007810da120) thrown at [C:\jenkins\workspace\8-2-build-windows-amd64-cygwin\jdk8u281\880\hotspot\src\share\vm\interpreter\interpreterRuntime.cpp, line 371]
Event: 1.378 Thread 0x00000209c259a000 Exception <a 'java/lang/ArrayIndexOutOfBoundsException': 112> (0x00000007810dbc58) thrown at [C:\jenkins\workspace\8-2-build-windows-amd64-cygwin\jdk8u281\880\hotspot\src\share\vm\interpreter\interpreterRuntime.cpp, line 371]
Event: 1.378 Thread 0x00000209c259a000 Exception <a 'java/lang/ArrayIndexOutOfBoundsException': 223> (0x00000007810e0f90) thrown at [C:\jenkins\workspace\8-2-build-windows-amd64-cygwin\jdk8u281\880\hotspot\src\share\vm\interpreter\interpreterRuntime.cpp, line 371]
Event: 1.378 Thread 0x00000209c259a000 Exception <a 'java/lang/ArrayIndexOutOfBoundsException': 205> (0x00000007810e3c10) thrown at [C:\jenkins\workspace\8-2-build-windows-amd64-cygwin\jdk8u281\880\hotspot\src\share\vm\interpreter\interpreterRuntime.cpp, line 371]
Event: 1.446 Thread 0x00000209c259a000 Exception <a 'java/lang/NoSuchFieldError': method resolution failed> (0x0000000781315c78) thrown at [C:\jenkins\workspace\8-2-build-windows-amd64-cygwin\jdk8u281\880\hotspot\src\share\vm\prims\methodHandles.cpp, line 1169]
Event: 1.451 Thread 0x00000209c259a000 Exception <a 'java/lang/NoSuchFieldError': method resolution failed> (0x0000000781323a20) thrown at [C:\jenkins\workspace\8-2-build-windows-amd64-cygwin\jdk8u281\880\hotspot\src\share\vm\prims\methodHandles.cpp, line 1169]

Events (10 events):
Event: 1698.734 Executing VM operation: RedefineClasses done
Event: 1698.750 Executing VM operation: ChangeBreakpoints
Event: 1698.750 Executing VM operation: ChangeBreakpoints done
Event: 1698.751 Executing VM operation: ChangeBreakpoints
Event: 1698.751 Executing VM operation: ChangeBreakpoints done
Event: 1698.822 Executing VM operation: GetOwnedMonitorInfo
Event: 1698.822 Executing VM operation: GetOwnedMonitorInfo done
Event: 1698.822 Executing VM operation: GetCurrentContendedMonitor
Event: 1698.822 Executing VM operation: GetCurrentContendedMonitor done
Event: 1706.813 Executing VM operation: GetOrSetLocal


Dynamic libraries:
0x00007ff7d4780000 - 0x00007ff7d47c7000 	C:\Program Files\Java\jdk1.8.0_281\jre\bin\javaw.exe
0x00007ff9328f0000 - 0x00007ff932ae5000 	C:\WINDOWS\SYSTEM32\ntdll.dll
0x00007ff931be0000 - 0x00007ff931c9e000 	C:\WINDOWS\System32\KERNEL32.DLL
0x00007ff92ffe0000 - 0x00007ff9302a8000 	C:\WINDOWS\System32\KERNELBASE.dll
0x00007ff932120000 - 0x00007ff9321ce000 	C:\WINDOWS\System32\ADVAPI32.dll
0x00007ff931a20000 - 0x00007ff931abe000 	C:\WINDOWS\System32\msvcrt.dll
0x00007ff930920000 - 0x00007ff9309bc000 	C:\WINDOWS\System32\sechost.dll
0x00007ff9326f0000 - 0x00007ff932815000 	C:\WINDOWS\System32\RPCRT4.dll
0x00007ff932450000 - 0x00007ff9325f0000 	C:\WINDOWS\System32\USER32.dll
0x00007ff9302b0000 - 0x00007ff9302d2000 	C:\WINDOWS\System32\win32u.dll
0x00007ff9321d0000 - 0x00007ff9321fb000 	C:\WINDOWS\System32\GDI32.dll
0x00007ff9305d0000 - 0x00007ff9306db000 	C:\WINDOWS\System32\gdi32full.dll
0x00007ff930330000 - 0x00007ff9303cd000 	C:\WINDOWS\System32\msvcp_win.dll
0x00007ff930440000 - 0x00007ff930540000 	C:\WINDOWS\System32\ucrtbase.dll
0x00007ff910d20000 - 0x00007ff910fba000 	C:\WINDOWS\WinSxS\amd64_microsoft.windows.common-controls_6595b64144ccf1df_6.0.19041.1110_none_60b5254171f9507e\COMCTL32.dll
0x00007ff931d90000 - 0x00007ff931dc0000 	C:\WINDOWS\System32\IMM32.DLL
0x00007ff92c770000 - 0x00007ff92c785000 	C:\Program Files\Java\jdk1.8.0_281\jre\bin\vcruntime140.dll
0x00007ff92b500000 - 0x00007ff92b59b000 	C:\Program Files\Java\jdk1.8.0_281\jre\bin\msvcp140.dll
0x0000000060a40000 - 0x000000006129f000 	C:\Program Files\Java\jdk1.8.0_281\jre\bin\server\jvm.dll
0x00007ff932200000 - 0x00007ff932208000 	C:\WINDOWS\System32\PSAPI.DLL
0x00007ff91eca0000 - 0x00007ff91eca9000 	C:\WINDOWS\SYSTEM32\WSOCK32.dll
0x00007ff932680000 - 0x00007ff9326eb000 	C:\WINDOWS\System32\WS2_32.dll
0x00007ff9212f0000 - 0x00007ff921317000 	C:\WINDOWS\SYSTEM32\WINMM.dll
0x00007ff926f80000 - 0x00007ff926f8a000 	C:\WINDOWS\SYSTEM32\VERSION.dll
0x00007ff92eb50000 - 0x00007ff92eb62000 	C:\WINDOWS\SYSTEM32\kernel.appcore.dll
0x00007ff92cd40000 - 0x00007ff92cd50000 	C:\Program Files\Java\jdk1.8.0_281\jre\bin\verify.dll
0x00007ff92c330000 - 0x00007ff92c35b000 	C:\Program Files\Java\jdk1.8.0_281\jre\bin\java.dll
0x00007ff92c220000 - 0x00007ff92c256000 	C:\Program Files\Java\jdk1.8.0_281\jre\bin\jdwp.dll
0x00007ff92cc50000 - 0x00007ff92cc59000 	C:\Program Files\Java\jdk1.8.0_281\jre\bin\npt.dll
0x00007ff92c050000 - 0x00007ff92c080000 	C:\Program Files\Java\jdk1.8.0_281\jre\bin\instrument.dll
0x00007ff92c4f0000 - 0x00007ff92c508000 	C:\Program Files\Java\jdk1.8.0_281\jre\bin\zip.dll
0x00007ff930e40000 - 0x00007ff931584000 	C:\WINDOWS\System32\SHELL32.dll
0x00007ff92de00000 - 0x00007ff92e594000 	C:\WINDOWS\SYSTEM32\windows.storage.dll
0x00007ff931590000 - 0x00007ff9318e4000 	C:\WINDOWS\System32\combase.dll
0x00007ff92f970000 - 0x00007ff92f99c000 	C:\WINDOWS\SYSTEM32\Wldp.dll
0x00007ff9323a0000 - 0x00007ff93244d000 	C:\WINDOWS\System32\SHCORE.dll
0x00007ff932340000 - 0x00007ff932395000 	C:\WINDOWS\System32\shlwapi.dll
0x00007ff92ff20000 - 0x00007ff92ff3f000 	C:\WINDOWS\SYSTEM32\profapi.dll
0x00007ff92c7e0000 - 0x00007ff92c7ea000 	C:\Program Files\Java\jdk1.8.0_281\jre\bin\dt_socket.dll
0x00007ff9117b0000 - 0x00007ff9117c7000 	C:\WINDOWS\system32\napinsp.dll
0x00007ff911790000 - 0x00007ff9117ab000 	C:\WINDOWS\system32\pnrpnsp.dll
0x00007ff911770000 - 0x00007ff911785000 	C:\WINDOWS\system32\wshbth.dll
0x00007ff9278e0000 - 0x00007ff9278fd000 	C:\WINDOWS\system32\NLAapi.dll
0x00007ff92f3c0000 - 0x00007ff92f3fb000 	C:\WINDOWS\SYSTEM32\IPHLPAPI.DLL
0x00007ff92f6d0000 - 0x00007ff92f73a000 	C:\WINDOWS\System32\mswsock.dll
0x00007ff92f450000 - 0x00007ff92f51a000 	C:\WINDOWS\SYSTEM32\DNSAPI.dll
0x00007ff931d20000 - 0x00007ff931d28000 	C:\WINDOWS\System32\NSI.dll
0x00007ff911750000 - 0x00007ff911762000 	C:\WINDOWS\System32\winrnr.dll
0x00007ff925af0000 - 0x00007ff925b6f000 	C:\WINDOWS\System32\fwpuclnt.dll
0x00007ff9308f0000 - 0x00007ff930917000 	C:\WINDOWS\System32\bcrypt.dll
0x00007ff9241c0000 - 0x00007ff9241ca000 	C:\Windows\System32\rasadhlp.dll
0x00007ff92c4c0000 - 0x00007ff92c4dc000 	C:\Program Files\Java\jdk1.8.0_281\jre\bin\net.dll
0x00007ff92e6b0000 - 0x00007ff92e894000 	C:\WINDOWS\SYSTEM32\dbghelp.dll
0x00007ff930540000 - 0x00007ff9305c2000 	C:\WINDOWS\System32\bcryptPrimitives.dll

VM Arguments:
jvm_args: -agentlib:jdwp=transport=dt_socket,suspend=y,address=localhost:51437 -javaagent:D:\Softwares\IDEs\eclipse\configuration\org.eclipse.osgi\418\0\.cp\lib\javaagent-shaded.jar -Dfile.encoding=Cp1252 
java_command: DigestClient
java_class_path (initial): C:\Program Files\Java\jdk1.8.0_281\jre\lib\resources.jar;C:\Program Files\Java\jdk1.8.0_281\jre\lib\rt.jar;C:\Program Files\Java\jdk1.8.0_281\jre\lib\jsse.jar;C:\Program Files\Java\jdk1.8.0_281\jre\lib\jce.jar;C:\Program Files\Java\jdk1.8.0_281\jre\lib\charsets.jar;C:\Program Files\Java\jdk1.8.0_281\jre\lib\jfr.jar;C:\Program Files\Java\jdk1.8.0_281\jre\lib\ext\access-bridge-64.jar;C:\Program Files\Java\jdk1.8.0_281\jre\lib\ext\cldrdata.jar;C:\Program Files\Java\jdk1.8.0_281\jre\lib\ext\dnsns.jar;C:\Program Files\Java\jdk1.8.0_281\jre\lib\ext\jaccess.jar;C:\Program Files\Java\jdk1.8.0_281\jre\lib\ext\jfxrt.jar;C:\Program Files\Java\jdk1.8.0_281\jre\lib\ext\localedata.jar;C:\Program Files\Java\jdk1.8.0_281\jre\lib\ext\nashorn.jar;C:\Program Files\Java\jdk1.8.0_281\jre\lib\ext\sunec.jar;C:\Program Files\Java\jdk1.8.0_281\jre\lib\ext\sunjce_provider.jar;C:\Program Files\Java\jdk1.8.0_281\jre\lib\ext\sunmscapi.jar;C:\Program Files\Java\jdk1.8.0_281\jre\lib\ext\sunpkcs11.jar;C:\Program Files\Java\jdk1.8.0_281\jre\lib\ext\zipfs.jar;D:\Work Backup\Development\Workspaces\TestCases\TestCases\bin;C:\Users\HP\Downloads\jettison-1.4.1.jar;C:\Users\HP\Downloads\commons-codec-1.15.jar;C:\Users\HP\Downloads\Compressed\javax.ws.rs.jar;C:\Users\HP\Downloads\Compressed\jersey-bundle-1.9.jar;C:\Users\HP\Downloads\Compressed\javax.ws.rs-api-2.0.jar;D:\Softwares\IDEs\eclipse\configuration\org.eclipse.osgi\418\0\.cp\lib\javaagent-shaded.jar
Launcher Type: SUN_STANDARD

Environment Variables:
JAVA_HOME=C:\Program Files\Java\jdk1.8.0_281
PATH=C:\Program Files\Java\jdk1.8.0_281\jre\bin;C:/Program Files/Java/jre1.8.0_281/bin/server;C:/Program Files/Java/jre1.8.0_281/bin;C:/Program Files/Java/jre1.8.0_281/lib/amd64;C:\Program Files\Common Files\Oracle\Java\javapath;C:\Program Files\Java\jdk1.8.0_281\bin;C:\Program Files (x86)\Common Files\Oracle\Java\javapath;C:\app\HP\product\18.0.0\dbhomeXE\bin;C:\Program Files (x86)\ActiveState Komodo IDE 12\;C:\WINDOWS\system32;C:\WINDOWS;C:\WINDOWS\System32\Wbem;C:\WINDOWS\System32\WindowsPowerShell\v1.0\;C:\WINDOWS\System32\OpenSSH\;C:\Program Files (x86)\Intel\Intel(R) Management Engine Components\DAL;C:\Program Files\Intel\Intel(R) Management Engine Components\DAL;C:\Program Files (x86)\Brackets\command;C:\Program Files\Microsoft VS Code\bin;C:\Program Files\nodejs\;C:\Program Files\MongoDB\Server\4.4\bin;D:\Work Backup\Projects\Project - Object Oriented Programming Design - (Web Scrapping)\chromedriver.exe;C:\Program Files\GitHub CLI\;C:\Program Files\Git\cmd;C:\Users\HP\AppData\Local\Programs\Python\Python36\Scripts\;C:\Users\HP\AppData\Local\Programs\Python\Python36\;C:\Users\HP\AppData\Local\Programs\Python\Python39\Scripts\;C:\Users\HP\AppData\Local\Programs\Python\Python39\;C:\Program Files\MySQL\MySQL Shell 8.0\bin\;C:\Users\HP\AppData\Roaming\ActiveState\bin;C:\Program Files (x86)\ActiveState Komodo IDE 12\;C:\Windows\system32;C:\Windows;C:\Windows\System32\Wbem;C:\Windows\System32\WindowsPowerShell\v1.0\;C:\Windows\System32\OpenSSH\;C:\Program Files (x86)\Intel\Intel(R) Management Engine Components\DAL;C:\Program Files\Intel\Intel(R) Management Engine Components\DAL;C:\Program Files\Java\jdk-14.0.2\bin;C:\Program Files (x86)\Brackets\command;C:\Users\HP\AppData\Roaming\npm;D:\Work Backup\Projects\Project - Object Oriented Programming Design - (Web Scrapping)\chromedriver.exe;;C:\Program Files\JetBrains\PyCharm Community Edition 2021.1.1\bin;;C:\Users\HP\AppData\Local\Microsoft\WindowsApps;D:\Softwares\IDEs\eclipse;
USERNAME=HP
OS=Windows_NT
PROCESSOR_IDENTIFIER=Intel64 Family 6 Model 78 Stepping 3, GenuineIntel



---------------  S Y S T E M  ---------------

OS: Windows 10.0 , 64 bit Build 19041 (10.0.19041.1566)

CPU:total 4 (initial active 4) (2 cores per cpu, 2 threads per core) family 6 model 78 stepping 3, cmov, cx8, fxsr, mmx, sse, sse2, sse3, ssse3, sse4.1, sse4.2, popcnt, avx, avx2, aes, clmul, erms, rtm, 3dnowpref, lzcnt, ht, tsc, tscinvbit, bmi1, bmi2, adx

Memory: 4k page, physical 12460636k(1565600k free), swap 23314280k(2157196k free)

vm_info: Java HotSpot(TM) 64-Bit Server VM (25.281-b09) for windows-amd64 JRE (1.8.0_281-b09), built on Dec  9 2020 13:54:07 by "" with MS VC++ 15.9 (VS2017)

time: Thu Apr  7 23:46:08 2022
timezone: Pakistan Standard Time
elapsed time: 1707.163614 seconds (0d 0h 28m 27s)

